[debug] [2020-09-22T13:36:19.816Z] ----------------------------------------------------------------------
[debug] [2020-09-22T13:36:19.818Z] Command:       C:\Program Files\nodejs\node.exe C:\Users\fmarv\AppData\Roaming\npm\node_modules\firebase-tools\lib\bin\firebase.js emulators:start
[debug] [2020-09-22T13:36:19.819Z] CLI Version:   8.10.0
[debug] [2020-09-22T13:36:19.819Z] Platform:      win32
[debug] [2020-09-22T13:36:19.819Z] Node Version:  v12.18.3
[debug] [2020-09-22T13:36:19.820Z] Time:          Tue Sep 22 2020 14:36:19 GMT+0100 (West Africa Standard Time)
[debug] [2020-09-22T13:36:19.820Z] ----------------------------------------------------------------------
[debug] [2020-09-22T13:36:19.821Z] 
[debug] [2020-09-22T13:36:19.830Z] > command requires scopes: ["email","openid","https://www.googleapis.com/auth/cloudplatformprojects.readonly","https://www.googleapis.com/auth/firebase","https://www.googleapis.com/auth/cloud-platform"]
[debug] [2020-09-22T13:36:19.831Z] > authorizing via signed-in user
[info] i  emulators: Starting emulators: functions {"metadata":{"emulator":{"name":"hub"},"message":"Starting emulators: functions"}}
[debug] [2020-09-22T13:36:21.964Z] [hub] writing locator at C:\Users\fmarv\AppData\Local\Temp\hub-ecommerce-62924.json
[warn] !  functions: The following emulators are not running, calls to these services from the Functions emulator will affect production: firestore, database, hosting, pubsub {"metadata":{"emulator":{"name":"functions"},"message":"The following emulators are not running, calls to these services from the Functions emulator will affect production: \u001b[1mfirestore, database, hosting, pubsub\u001b[22m"}}
[warn] !  Your requested "node" version "10" doesn't match your global version "12" {"metadata":{"emulator":{"name":"functions"},"message":"Your requested \"node\" version \"10\" doesn't match your global version \"12\""}}
[debug] [2020-09-22T13:36:24.349Z] defaultcredentials: writing to file C:\Users\fmarv\AppData\Roaming\firebase\fmarvelsk_gmail_com_application_default_credentials.json
[debug] [2020-09-22T13:36:24.358Z] Setting GAC to C:\Users\fmarv\AppData\Roaming\firebase\fmarvelsk_gmail_com_application_default_credentials.json {"metadata":{"emulator":{"name":"functions"},"message":"Setting GAC to C:\\Users\\fmarv\\AppData\\Roaming\\firebase\\fmarvelsk_gmail_com_application_default_credentials.json"}}
[debug] [2020-09-22T13:36:28.452Z] Ignoring unsupported arg: auto_download {"metadata":{"emulator":{"name":"ui"},"message":"Ignoring unsupported arg: auto_download"}}
[debug] [2020-09-22T13:36:28.453Z] Ignoring unsupported arg: port {"metadata":{"emulator":{"name":"ui"},"message":"Ignoring unsupported arg: port"}}
[debug] [2020-09-22T13:36:28.453Z] Starting Emulator UI with command {"binary":"node","args":["C:\\Users\\fmarv\\.cache\\firebase\\emulators\\ui-v1.1.1\\server.bundle.js"],"optionalArgs":[],"joinArgs":false} {"metadata":{"emulator":{"name":"ui"},"message":"Starting Emulator UI with command {\"binary\":\"node\",\"args\":[\"C:\\\\Users\\\\fmarv\\\\.cache\\\\firebase\\\\emulators\\\\ui-v1.1.1\\\\server.bundle.js\"],\"optionalArgs\":[],\"joinArgs\":false}"}}
[info] i  ui: Emulator UI logging to ui-debug.log {"metadata":{"emulator":{"name":"ui"},"message":"Emulator UI logging to \u001b[1mui-debug.log\u001b[22m"}}
[debug] [2020-09-22T13:36:28.661Z] Web / API server started at http://localhost:4000
 {"metadata":{"emulator":{"name":"ui"},"message":"Web / API server started at http://localhost:4000\n"}}
[info] i  functions: Watching "C:\Users\fmarv\Documents\Workspace\amazon_clone\functions" for Cloud Functions... {"metadata":{"emulator":{"name":"functions"},"message":"Watching \"C:\\Users\\fmarv\\Documents\\Workspace\\amazon_clone\\functions\" for Cloud Functions..."}}
[debug] [2020-09-22T13:36:29.038Z] [worker-pool] addWorker(~diagnostic~) {"metadata":{"emulator":{"name":"functions"},"message":"[worker-pool] addWorker(~diagnostic~)"}}
[debug] [2020-09-22T13:36:29.039Z] [worker-pool] Adding worker with key ~diagnostic~, total=1 {"metadata":{"emulator":{"name":"functions"},"message":"[worker-pool] Adding worker with key ~diagnostic~, total=1"}}
[debug] [2020-09-22T13:36:29.039Z] [worker-pool] submitWork(triggerId=) {"metadata":{"emulator":{"name":"functions"},"message":"[worker-pool] submitWork(triggerId=)"}}
[debug] [2020-09-22T13:36:29.042Z] [worker-~diagnostic~-3b9f4d40-ae1b-43ec-8ddf-8fcc537168e4]: Assigning socketPath: \\?\pipe\C:\Users\fmarv\Documents\Workspace\amazon_clone\functions\7124 {"metadata":{"emulator":{"name":"functions"},"message":"[worker-~diagnostic~-3b9f4d40-ae1b-43ec-8ddf-8fcc537168e4]: Assigning socketPath: \\\\?\\pipe\\C:\\Users\\fmarv\\Documents\\Workspace\\amazon_clone\\functions\\7124"}}
[debug] [2020-09-22T13:36:29.049Z] [worker-~diagnostic~-3b9f4d40-ae1b-43ec-8ddf-8fcc537168e4]: BUSY {"metadata":{"emulator":{"name":"functions"},"message":"[worker-~diagnostic~-3b9f4d40-ae1b-43ec-8ddf-8fcc537168e4]: BUSY"}}
[debug] [2020-09-22T13:36:29.593Z] [runtime-status] [7124] Functions runtime initialized. {"cwd":"C:\\Users\\fmarv\\Documents\\Workspace\\amazon_clone\\functions","node_version":"12.18.3"} {"metadata":{"emulator":{"name":"functions"},"message":"[runtime-status] [7124] Functions runtime initialized. {\"cwd\":\"C:\\\\Users\\\\fmarv\\\\Documents\\\\Workspace\\\\amazon_clone\\\\functions\",\"node_version\":\"12.18.3\"}"}}
[debug] [2020-09-22T13:36:29.599Z] [runtime-status] [7124] Disabled runtime features: undefined {"metadata":{"emulator":{"name":"functions"},"message":"[runtime-status] [7124] Disabled runtime features: undefined"}}
[debug] [2020-09-22T13:36:29.604Z] [runtime-status] [7124] Resolved module firebase-admin {"declared":true,"installed":true,"version":"8.13.0","resolution":"C:\\Users\\fmarv\\Documents\\Workspace\\amazon_clone\\functions\\node_modules\\firebase-admin\\lib\\index.js"} {"metadata":{"emulator":{"name":"functions"},"message":"[runtime-status] [7124] Resolved module firebase-admin {\"declared\":true,\"installed\":true,\"version\":\"8.13.0\",\"resolution\":\"C:\\\\Users\\\\fmarv\\\\Documents\\\\Workspace\\\\amazon_clone\\\\functions\\\\node_modules\\\\firebase-admin\\\\lib\\\\index.js\"}"}}
[debug] [2020-09-22T13:36:29.609Z] [runtime-status] [7124] Resolved module firebase-functions {"declared":true,"installed":true,"version":"3.11.0","resolution":"C:\\Users\\fmarv\\Documents\\Workspace\\amazon_clone\\functions\\node_modules\\firebase-functions\\lib\\index.js"} {"metadata":{"emulator":{"name":"functions"},"message":"[runtime-status] [7124] Resolved module firebase-functions {\"declared\":true,\"installed\":true,\"version\":\"3.11.0\",\"resolution\":\"C:\\\\Users\\\\fmarv\\\\Documents\\\\Workspace\\\\amazon_clone\\\\functions\\\\node_modules\\\\firebase-functions\\\\lib\\\\index.js\"}"}}
[debug] [2020-09-22T13:36:29.611Z] [runtime-status] [7124] Resolved module firebase-functions {"declared":true,"installed":true,"version":"3.11.0","resolution":"C:\\Users\\fmarv\\Documents\\Workspace\\amazon_clone\\functions\\node_modules\\firebase-functions\\lib\\index.js"} {"metadata":{"emulator":{"name":"functions"},"message":"[runtime-status] [7124] Resolved module firebase-functions {\"declared\":true,\"installed\":true,\"version\":\"3.11.0\",\"resolution\":\"C:\\\\Users\\\\fmarv\\\\Documents\\\\Workspace\\\\amazon_clone\\\\functions\\\\node_modules\\\\firebase-functions\\\\lib\\\\index.js\"}"}}
[debug] [2020-09-22T13:36:29.612Z] [runtime-status] [7124] Outgoing network have been stubbed. [{"name":"http","status":"mocked"},{"name":"http","status":"mocked"},{"name":"https","status":"mocked"},{"name":"https","status":"mocked"},{"name":"net","status":"mocked"}] {"metadata":{"emulator":{"name":"functions"},"message":"[runtime-status] [7124] Outgoing network have been stubbed. [{\"name\":\"http\",\"status\":\"mocked\"},{\"name\":\"http\",\"status\":\"mocked\"},{\"name\":\"https\",\"status\":\"mocked\"},{\"name\":\"https\",\"status\":\"mocked\"},{\"name\":\"net\",\"status\":\"mocked\"}]"}}
[debug] [2020-09-22T13:36:29.613Z] [runtime-status] [7124] Resolved module firebase-functions {"declared":true,"installed":true,"version":"3.11.0","resolution":"C:\\Users\\fmarv\\Documents\\Workspace\\amazon_clone\\functions\\node_modules\\firebase-functions\\lib\\index.js"} {"metadata":{"emulator":{"name":"functions"},"message":"[runtime-status] [7124] Resolved module firebase-functions {\"declared\":true,\"installed\":true,\"version\":\"3.11.0\",\"resolution\":\"C:\\\\Users\\\\fmarv\\\\Documents\\\\Workspace\\\\amazon_clone\\\\functions\\\\node_modules\\\\firebase-functions\\\\lib\\\\index.js\"}"}}
[debug] [2020-09-22T13:36:29.665Z] [runtime-status] [7124] Checked functions.config() {"config":{}} {"metadata":{"emulator":{"name":"functions"},"message":"[runtime-status] [7124] Checked functions.config() {\"config\":{}}"}}
[debug] [2020-09-22T13:36:29.666Z] [runtime-status] [7124] firebase-functions has been stubbed. {"functionsResolution":{"declared":true,"installed":true,"version":"3.11.0","resolution":"C:\\Users\\fmarv\\Documents\\Workspace\\amazon_clone\\functions\\node_modules\\firebase-functions\\lib\\index.js"}} {"metadata":{"emulator":{"name":"functions"},"message":"[runtime-status] [7124] firebase-functions has been stubbed. {\"functionsResolution\":{\"declared\":true,\"installed\":true,\"version\":\"3.11.0\",\"resolution\":\"C:\\\\Users\\\\fmarv\\\\Documents\\\\Workspace\\\\amazon_clone\\\\functions\\\\node_modules\\\\firebase-functions\\\\lib\\\\index.js\"}}"}}
[debug] [2020-09-22T13:36:29.666Z] [runtime-status] [7124] Resolved module firebase-functions {"declared":true,"installed":true,"version":"3.11.0","resolution":"C:\\Users\\fmarv\\Documents\\Workspace\\amazon_clone\\functions\\node_modules\\firebase-functions\\lib\\index.js"} {"metadata":{"emulator":{"name":"functions"},"message":"[runtime-status] [7124] Resolved module firebase-functions {\"declared\":true,\"installed\":true,\"version\":\"3.11.0\",\"resolution\":\"C:\\\\Users\\\\fmarv\\\\Documents\\\\Workspace\\\\amazon_clone\\\\functions\\\\node_modules\\\\firebase-functions\\\\lib\\\\index.js\"}"}}
[debug] [2020-09-22T13:36:29.668Z] [runtime-status] [7124] Resolved module firebase-admin {"declared":true,"installed":true,"version":"8.13.0","resolution":"C:\\Users\\fmarv\\Documents\\Workspace\\amazon_clone\\functions\\node_modules\\firebase-admin\\lib\\index.js"} {"metadata":{"emulator":{"name":"functions"},"message":"[runtime-status] [7124] Resolved module firebase-admin {\"declared\":true,\"installed\":true,\"version\":\"8.13.0\",\"resolution\":\"C:\\\\Users\\\\fmarv\\\\Documents\\\\Workspace\\\\amazon_clone\\\\functions\\\\node_modules\\\\firebase-admin\\\\lib\\\\index.js\"}"}}
[debug] [2020-09-22T13:36:29.669Z] [runtime-status] [7124] Resolved module firebase-functions {"declared":true,"installed":true,"version":"3.11.0","resolution":"C:\\Users\\fmarv\\Documents\\Workspace\\amazon_clone\\functions\\node_modules\\firebase-functions\\lib\\index.js"} {"metadata":{"emulator":{"name":"functions"},"message":"[runtime-status] [7124] Resolved module firebase-functions {\"declared\":true,\"installed\":true,\"version\":\"3.11.0\",\"resolution\":\"C:\\\\Users\\\\fmarv\\\\Documents\\\\Workspace\\\\amazon_clone\\\\functions\\\\node_modules\\\\firebase-functions\\\\lib\\\\index.js\"}"}}
[debug] [2020-09-22T13:36:29.669Z] [runtime-status] [7124] firebase-admin has been stubbed. {"adminResolution":{"declared":true,"installed":true,"version":"8.13.0","resolution":"C:\\Users\\fmarv\\Documents\\Workspace\\amazon_clone\\functions\\node_modules\\firebase-admin\\lib\\index.js"}} {"metadata":{"emulator":{"name":"functions"},"message":"[runtime-status] [7124] firebase-admin has been stubbed. {\"adminResolution\":{\"declared\":true,\"installed\":true,\"version\":\"8.13.0\",\"resolution\":\"C:\\\\Users\\\\fmarv\\\\Documents\\\\Workspace\\\\amazon_clone\\\\functions\\\\node_modules\\\\firebase-admin\\\\lib\\\\index.js\"}}"}}
[info] +  functions[api]: http function initialized (http://localhost:5001/ecommerce-62924/us-central1/api). {"metadata":{"emulator":{"name":"functions"},"message":"\u001b[1mhttp\u001b[22m function initialized (http://localhost:5001/ecommerce-62924/us-central1/api)."}}
[info] 
┌───────────────────────────────────────────────────────────────────────┐
│ ✔  All emulators ready! View status and logs at http://localhost:4000 │
└───────────────────────────────────────────────────────────────────────┘

┌───────────┬────────────────┬─────────────────────────────────┐
│ Emulator  │ Host:Port      │ View in Emulator UI             │
├───────────┼────────────────┼─────────────────────────────────┤
│ Functions │ localhost:5001 │ http://localhost:4000/functions │
└───────────┴────────────────┴─────────────────────────────────┘
  Other reserved ports: 4400, 4500

Issues? Report them at https://github.com/firebase/firebase-tools/issues and attach the *-debug.log files.
 
[debug] [2020-09-22T13:36:30.107Z] [worker-~diagnostic~-3b9f4d40-ae1b-43ec-8ddf-8fcc537168e4]: IDLE {"metadata":{"emulator":{"name":"functions"},"message":"[worker-~diagnostic~-3b9f4d40-ae1b-43ec-8ddf-8fcc537168e4]: IDLE"}}
[debug] [2020-09-22T13:37:23.155Z] [work-queue] {"queueLength":1,"workRunningCount":0}
[debug] [2020-09-22T13:37:23.159Z] [work-queue] {"queueLength":0,"workRunningCount":1}
[debug] [2020-09-22T13:37:23.160Z] Accepted request POST /ecommerce-62924/us-central1/api/payments/create?total=7513 --> api
[debug] [2020-09-22T13:37:23.176Z] [worker-pool] addWorker(api) {"metadata":{"emulator":{"name":"functions"},"message":"[worker-pool] addWorker(api)"}}
[debug] [2020-09-22T13:37:23.177Z] [worker-pool] Adding worker with key api, total=1 {"metadata":{"emulator":{"name":"functions"},"message":"[worker-pool] Adding worker with key api, total=1"}}
[debug] [2020-09-22T13:37:23.178Z] [worker-pool] submitWork(triggerId=api) {"metadata":{"emulator":{"name":"functions"},"message":"[worker-pool] submitWork(triggerId=api)"}}
[debug] [2020-09-22T13:37:23.179Z] [worker-api-4db7f226-8a44-4578-a396-f628a68c5c87]: Assigning socketPath: \\?\pipe\C:\Users\fmarv\Documents\Workspace\amazon_clone\functions\10944 {"metadata":{"emulator":{"name":"functions"},"message":"[worker-api-4db7f226-8a44-4578-a396-f628a68c5c87]: Assigning socketPath: \\\\?\\pipe\\C:\\Users\\fmarv\\Documents\\Workspace\\amazon_clone\\functions\\10944"}}
[debug] [2020-09-22T13:37:23.179Z] [worker-api-4db7f226-8a44-4578-a396-f628a68c5c87]: BUSY {"metadata":{"emulator":{"name":"functions"},"message":"[worker-api-4db7f226-8a44-4578-a396-f628a68c5c87]: BUSY"}}
[debug] [2020-09-22T13:37:23.869Z] [runtime-status] [10944] Functions runtime initialized. {"cwd":"C:\\Users\\fmarv\\Documents\\Workspace\\amazon_clone\\functions","node_version":"12.18.3"} {"metadata":{"emulator":{"name":"functions"},"function":{"name":"api"},"message":"[runtime-status] [10944] Functions runtime initialized. {\"cwd\":\"C:\\\\Users\\\\fmarv\\\\Documents\\\\Workspace\\\\amazon_clone\\\\functions\",\"node_version\":\"12.18.3\"}"}}
[debug] [2020-09-22T13:37:23.878Z] [runtime-status] [10944] Disabled runtime features: undefined {"metadata":{"emulator":{"name":"functions"},"function":{"name":"api"},"message":"[runtime-status] [10944] Disabled runtime features: undefined"}}
[debug] [2020-09-22T13:37:23.883Z] [runtime-status] [10944] Resolved module firebase-admin {"declared":true,"installed":true,"version":"8.13.0","resolution":"C:\\Users\\fmarv\\Documents\\Workspace\\amazon_clone\\functions\\node_modules\\firebase-admin\\lib\\index.js"} {"metadata":{"emulator":{"name":"functions"},"function":{"name":"api"},"message":"[runtime-status] [10944] Resolved module firebase-admin {\"declared\":true,\"installed\":true,\"version\":\"8.13.0\",\"resolution\":\"C:\\\\Users\\\\fmarv\\\\Documents\\\\Workspace\\\\amazon_clone\\\\functions\\\\node_modules\\\\firebase-admin\\\\lib\\\\index.js\"}"}}
[debug] [2020-09-22T13:37:23.892Z] [runtime-status] [10944] Resolved module firebase-functions {"declared":true,"installed":true,"version":"3.11.0","resolution":"C:\\Users\\fmarv\\Documents\\Workspace\\amazon_clone\\functions\\node_modules\\firebase-functions\\lib\\index.js"} {"metadata":{"emulator":{"name":"functions"},"function":{"name":"api"},"message":"[runtime-status] [10944] Resolved module firebase-functions {\"declared\":true,\"installed\":true,\"version\":\"3.11.0\",\"resolution\":\"C:\\\\Users\\\\fmarv\\\\Documents\\\\Workspace\\\\amazon_clone\\\\functions\\\\node_modules\\\\firebase-functions\\\\lib\\\\index.js\"}"}}
[debug] [2020-09-22T13:37:23.894Z] [runtime-status] [10944] Resolved module firebase-functions {"declared":true,"installed":true,"version":"3.11.0","resolution":"C:\\Users\\fmarv\\Documents\\Workspace\\amazon_clone\\functions\\node_modules\\firebase-functions\\lib\\index.js"} {"metadata":{"emulator":{"name":"functions"},"function":{"name":"api"},"message":"[runtime-status] [10944] Resolved module firebase-functions {\"declared\":true,\"installed\":true,\"version\":\"3.11.0\",\"resolution\":\"C:\\\\Users\\\\fmarv\\\\Documents\\\\Workspace\\\\amazon_clone\\\\functions\\\\node_modules\\\\firebase-functions\\\\lib\\\\index.js\"}"}}
[debug] [2020-09-22T13:37:23.897Z] [runtime-status] [10944] Outgoing network have been stubbed. [{"name":"http","status":"mocked"},{"name":"http","status":"mocked"},{"name":"https","status":"mocked"},{"name":"https","status":"mocked"},{"name":"net","status":"mocked"}] {"metadata":{"emulator":{"name":"functions"},"function":{"name":"api"},"message":"[runtime-status] [10944] Outgoing network have been stubbed. [{\"name\":\"http\",\"status\":\"mocked\"},{\"name\":\"http\",\"status\":\"mocked\"},{\"name\":\"https\",\"status\":\"mocked\"},{\"name\":\"https\",\"status\":\"mocked\"},{\"name\":\"net\",\"status\":\"mocked\"}]"}}
[debug] [2020-09-22T13:37:23.898Z] [runtime-status] [10944] Resolved module firebase-functions {"declared":true,"installed":true,"version":"3.11.0","resolution":"C:\\Users\\fmarv\\Documents\\Workspace\\amazon_clone\\functions\\node_modules\\firebase-functions\\lib\\index.js"} {"metadata":{"emulator":{"name":"functions"},"function":{"name":"api"},"message":"[runtime-status] [10944] Resolved module firebase-functions {\"declared\":true,\"installed\":true,\"version\":\"3.11.0\",\"resolution\":\"C:\\\\Users\\\\fmarv\\\\Documents\\\\Workspace\\\\amazon_clone\\\\functions\\\\node_modules\\\\firebase-functions\\\\lib\\\\index.js\"}"}}
[debug] [2020-09-22T13:37:23.963Z] [runtime-status] [10944] Checked functions.config() {"config":{}} {"metadata":{"emulator":{"name":"functions"},"function":{"name":"api"},"message":"[runtime-status] [10944] Checked functions.config() {\"config\":{}}"}}
[debug] [2020-09-22T13:37:23.963Z] [runtime-status] [10944] firebase-functions has been stubbed. {"functionsResolution":{"declared":true,"installed":true,"version":"3.11.0","resolution":"C:\\Users\\fmarv\\Documents\\Workspace\\amazon_clone\\functions\\node_modules\\firebase-functions\\lib\\index.js"}} {"metadata":{"emulator":{"name":"functions"},"function":{"name":"api"},"message":"[runtime-status] [10944] firebase-functions has been stubbed. {\"functionsResolution\":{\"declared\":true,\"installed\":true,\"version\":\"3.11.0\",\"resolution\":\"C:\\\\Users\\\\fmarv\\\\Documents\\\\Workspace\\\\amazon_clone\\\\functions\\\\node_modules\\\\firebase-functions\\\\lib\\\\index.js\"}}"}}
[debug] [2020-09-22T13:37:23.963Z] [runtime-status] [10944] Resolved module firebase-functions {"declared":true,"installed":true,"version":"3.11.0","resolution":"C:\\Users\\fmarv\\Documents\\Workspace\\amazon_clone\\functions\\node_modules\\firebase-functions\\lib\\index.js"} {"metadata":{"emulator":{"name":"functions"},"function":{"name":"api"},"message":"[runtime-status] [10944] Resolved module firebase-functions {\"declared\":true,\"installed\":true,\"version\":\"3.11.0\",\"resolution\":\"C:\\\\Users\\\\fmarv\\\\Documents\\\\Workspace\\\\amazon_clone\\\\functions\\\\node_modules\\\\firebase-functions\\\\lib\\\\index.js\"}"}}
[debug] [2020-09-22T13:37:23.965Z] [runtime-status] [10944] Resolved module firebase-admin {"declared":true,"installed":true,"version":"8.13.0","resolution":"C:\\Users\\fmarv\\Documents\\Workspace\\amazon_clone\\functions\\node_modules\\firebase-admin\\lib\\index.js"} {"metadata":{"emulator":{"name":"functions"},"function":{"name":"api"},"message":"[runtime-status] [10944] Resolved module firebase-admin {\"declared\":true,\"installed\":true,\"version\":\"8.13.0\",\"resolution\":\"C:\\\\Users\\\\fmarv\\\\Documents\\\\Workspace\\\\amazon_clone\\\\functions\\\\node_modules\\\\firebase-admin\\\\lib\\\\index.js\"}"}}
[debug] [2020-09-22T13:37:23.966Z] [runtime-status] [10944] Resolved module firebase-functions {"declared":true,"installed":true,"version":"3.11.0","resolution":"C:\\Users\\fmarv\\Documents\\Workspace\\amazon_clone\\functions\\node_modules\\firebase-functions\\lib\\index.js"} {"metadata":{"emulator":{"name":"functions"},"function":{"name":"api"},"message":"[runtime-status] [10944] Resolved module firebase-functions {\"declared\":true,\"installed\":true,\"version\":\"3.11.0\",\"resolution\":\"C:\\\\Users\\\\fmarv\\\\Documents\\\\Workspace\\\\amazon_clone\\\\functions\\\\node_modules\\\\firebase-functions\\\\lib\\\\index.js\"}"}}
[debug] [2020-09-22T13:37:23.966Z] [runtime-status] [10944] firebase-admin has been stubbed. {"adminResolution":{"declared":true,"installed":true,"version":"8.13.0","resolution":"C:\\Users\\fmarv\\Documents\\Workspace\\amazon_clone\\functions\\node_modules\\firebase-admin\\lib\\index.js"}} {"metadata":{"emulator":{"name":"functions"},"function":{"name":"api"},"message":"[runtime-status] [10944] firebase-admin has been stubbed. {\"adminResolution\":{\"declared\":true,\"installed\":true,\"version\":\"8.13.0\",\"resolution\":\"C:\\\\Users\\\\fmarv\\\\Documents\\\\Workspace\\\\amazon_clone\\\\functions\\\\node_modules\\\\firebase-admin\\\\lib\\\\index.js\"}}"}}
[debug] [2020-09-22T13:37:24.180Z] [runtime-status] [10944] Trigger "api" has been found, beginning invocation! {"metadata":{"emulator":{"name":"functions"},"function":{"name":"api"},"message":"[runtime-status] [10944] Trigger \"api\" has been found, beginning invocation!"}}
[info] i  functions: Beginning execution of "api" {"metadata":{"emulator":{"name":"functions"},"function":{"name":"api"},"message":"Beginning execution of \"api\""}}
[debug] [2020-09-22T13:37:24.181Z] [runtime-status] [10944] triggerDefinition {"httpsTrigger":{},"name":"api","entryPoint":"api"} {"metadata":{"emulator":{"name":"functions"},"function":{"name":"api"},"message":"[runtime-status] [10944] triggerDefinition {\"httpsTrigger\":{},\"name\":\"api\",\"entryPoint\":\"api\"}"}}
[debug] [2020-09-22T13:37:24.182Z] [runtime-status] [10944] Running api in mode HTTPS {"metadata":{"emulator":{"name":"functions"},"function":{"name":"api"},"message":"[runtime-status] [10944] Running api in mode HTTPS"}}
[debug] [2020-09-22T13:37:24.186Z] [runtime-status] [10944] Attempting to listen to socketPath: \\?\pipe\C:\Users\fmarv\Documents\Workspace\amazon_clone\functions\10944 {"metadata":{"emulator":{"name":"functions"},"function":{"name":"api"},"message":"[runtime-status] [10944] Attempting to listen to socketPath: \\\\?\\pipe\\C:\\Users\\fmarv\\Documents\\Workspace\\amazon_clone\\functions\\10944"}}
[debug] [2020-09-22T13:37:24.191Z] [functions] Runtime ready! Sending request! {"metadata":{"emulator":{"name":"functions"},"message":"[functions] Runtime ready! Sending request!"}}
[debug] [2020-09-22T13:37:24.209Z] [runtime-status] [10944] Ephemeral server handling POST request {"metadata":{"emulator":{"name":"functions"},"function":{"name":"api"},"message":"[runtime-status] [10944] Ephemeral server handling POST request"}}
[info] >  7513 {"user":7513,"metadata":{"emulator":{"name":"functions"},"function":{"name":"api"},"message":"\u001b[90m> \u001b[39m 7513"}}
[debug] [2020-09-22T13:37:24.234Z] [runtime-status] [10944] Ephemeral server survived. {"metadata":{"emulator":{"name":"functions"},"function":{"name":"api"},"message":"[runtime-status] [10944] Ephemeral server survived."}}
[info] i  functions: Finished "api" in ~1s {"metadata":{"emulator":{"name":"functions"},"function":{"name":"api"},"message":"Finished \"api\" in ~1s"}}
[debug] [2020-09-22T13:37:26.042Z] [worker-api-4db7f226-8a44-4578-a396-f628a68c5c87]: IDLE {"metadata":{"emulator":{"name":"functions"},"message":"[worker-api-4db7f226-8a44-4578-a396-f628a68c5c87]: IDLE"}}
[debug] [2020-09-22T13:37:26.043Z] [work-queue] {"queueLength":0,"workRunningCount":0}
